2023-08-28 16:07:57 [main] INFO  : Starting AccelerexApplication using Java 17.0.7 with PID 17200 (C:\Users\NeptuneDev2\Desktop\Accelerex\target\classes started by NeptuneDev2 in C:\Users\NeptuneDev2\Desktop\Accelerex)
2023-08-28 16:07:57 [main] DEBUG : Running with Spring Boot v3.1.0, Spring v6.0.9
2023-08-28 16:07:57 [main] INFO  : No active profile set, falling back to 1 default profile: "default"
2023-08-28 16:07:58 [main] INFO  : Bean 'org.springframework.ws.config.annotation.DelegatingWsConfiguration' of type [org.springframework.ws.config.annotation.DelegatingWsConfiguration$$SpringCGLIB$$0] is not eligible for getting processed by all BeanPostProcessors (for example: not eligible for auto-proxying)
2023-08-28 16:07:58 [main] INFO  : Supporting [WS-Addressing August 2004, WS-Addressing 1.0]
2023-08-28 16:07:59 [main] INFO  : Tomcat initialized with port(s): 8080 (http)
2023-08-28 16:07:59 [main] INFO  : Initializing ProtocolHandler ["http-nio-8080"]
2023-08-28 16:07:59 [main] INFO  : Starting service [Tomcat]
2023-08-28 16:07:59 [main] INFO  : Starting Servlet engine: [Apache Tomcat/10.1.8]
2023-08-28 16:07:59 [main] INFO  : Initializing Spring embedded WebApplicationContext
2023-08-28 16:07:59 [main] INFO  : Root WebApplicationContext: initialization completed in 1647 ms
2023-08-28 16:07:59 [main] DEBUG : Mapping filters: springSecurityFilterChain urls=[/*] order=-100, characterEncodingFilter urls=[/*] order=-2147483648, formContentFilter urls=[/*] order=-9900, requestContextFilter urls=[/*] order=-105, JWTFilter urls=[/*] order=2147483647
2023-08-28 16:07:59 [main] DEBUG : Mapping servlets: dispatcherServlet urls=[/], messageDispatcherServlet urls=[/services/*]
2023-08-28 16:07:59 [main] DEBUG : Filter 'JWTFilter' configured for use
2023-08-28 16:08:00 [main] INFO  : Will secure any request with [org.springframework.security.web.session.DisableEncodeUrlFilter@6785c9fa, org.springframework.security.web.context.request.async.WebAsyncManagerIntegrationFilter@63cf578f, org.springframework.security.web.context.SecurityContextHolderFilter@285bf5ac, org.springframework.security.web.header.HeaderWriterFilter@3ef0e576, org.springframework.security.web.authentication.logout.LogoutFilter@3316527e, com.neptunesoftware.accelerex.config.JWTFilter@615efd1c, org.springframework.security.web.savedrequest.RequestCacheAwareFilter@7ab2ba47, org.springframework.security.web.servletapi.SecurityContextHolderAwareRequestFilter@202f054f, org.springframework.security.web.authentication.AnonymousAuthenticationFilter@194b9783, org.springframework.security.web.session.SessionManagementFilter@708dfe10, org.springframework.security.web.access.ExceptionTranslationFilter@7eae55, org.springframework.security.web.access.intercept.AuthorizationFilter@64ec1459]
2023-08-28 16:08:00 [main] INFO  : Starting ProtocolHandler ["http-nio-8080"]
2023-08-28 16:08:00 [main] INFO  : Tomcat started on port(s): 8080 (http) with context path ''
2023-08-28 16:08:00 [main] INFO  : Started AccelerexApplication in 3.381 seconds (process running for 4.496)
2023-08-28 16:08:04 [http-nio-8080-exec-2] INFO  : Initializing Spring DispatcherServlet 'dispatcherServlet'
2023-08-28 16:08:04 [http-nio-8080-exec-2] INFO  : Initializing Servlet 'dispatcherServlet'
2023-08-28 16:08:04 [http-nio-8080-exec-2] INFO  : Completed initialization in 1 ms
2023-08-28 16:08:04 [http-nio-8080-exec-2] INFO  : Creating SAAJ 1.3 MessageFactory with SOAP 1.1 Protocol
2023-08-28 16:08:05 [http-nio-8080-exec-2] INFO  : HikariPool-1 - Starting...
2023-08-28 16:08:06 [http-nio-8080-exec-2] INFO  : HikariPool-1 - Added connection oracle.jdbc.driver.T4CConnection@2da3561a
2023-08-28 16:08:06 [http-nio-8080-exec-2] INFO  : HikariPool-1 - Start completed.
2023-08-28 16:08:06 [http-nio-8080-exec-2] INFO  : Creating SAAJ 1.3 MessageFactory with SOAP 1.1 Protocol
2023-08-28 16:08:07 [http-nio-8080-exec-2] INFO  : AccountNumber 3000220753, AccountName DENDO ORISON FRANK
2023-08-28 17:23:46 [SpringApplicationShutdownHook] INFO  : HikariPool-1 - Shutdown initiated...
2023-08-28 17:23:46 [SpringApplicationShutdownHook] INFO  : HikariPool-1 - Shutdown completed.
